\BOOKMARK [1][-]{section.1}{\376\377\137\025\212\000}{}% 1
\BOOKMARK [2][-]{subsection.1.1}{\376\377\170\024\172\166\200\314\146\157}{section.1}% 2
\BOOKMARK [2][-]{subsection.1.2}{\376\377\170\024\172\166\172\172\166\175\116\016\170\024\172\166\225\356\230\230}{section.1}% 3
\BOOKMARK [2][-]{subsection.1.3}{\376\377\170\024\172\166\213\276\213\241\116\016\215\041\163\056}{section.1}% 4
\BOOKMARK [2][-]{subsection.1.4}{\376\377\213\272\145\207\176\323\147\204}{section.1}% 5
\BOOKMARK [1][-]{section.2}{\376\377\166\370\121\163\135\345\117\134}{}% 6
\BOOKMARK [2][-]{subsection.2.1}{\376\377\060\012\127\060\116\146\060\013\123\312\121\166\163\260\147\011\170\024\172\166}{section.2}% 7
\BOOKMARK [2][-]{subsection.2.2}{\376\377\126\376\137\142\213\355\212\000\116\016\211\306\211\311\173\046\123\367\174\373\176\337}{section.2}% 8
\BOOKMARK [2][-]{subsection.2.3}{\376\377\176\337\213\241\213\355\212\000\133\146\146\156\220\115\211\304\137\213\116\016\211\306\211\311\174\373\176\337}{section.2}% 9
\BOOKMARK [2][-]{subsection.2.4}{\376\377\150\007\154\350\200\005\225\364\116\000\201\364\140\047\116\016\153\147\116\111\170\024\172\166}{section.2}% 10
\BOOKMARK [2][-]{subsection.2.5}{\376\377\147\054\172\340\134\017\176\323}{section.2}% 11
\BOOKMARK [1][-]{section.3}{\376\377\145\160\143\156\116\016\145\271\154\325}{}% 12
\BOOKMARK [2][-]{subsection.3.1}{\376\377\145\160\143\156\226\306\151\202\211\310}{section.3}% 13
\BOOKMARK [2][-]{subsection.3.2}{\376\377\060\012\127\060\116\146\060\013\150\007\154\350\117\123\174\373}{section.3}% 14
\BOOKMARK [3][-]{subsubsection.3.2.1}{\376\377\150\007\154\350\150\106\147\266\213\276\213\241}{subsection.3.2}% 15
\BOOKMARK [3][-]{subsubsection.3.2.2}{\376\377\150\007\154\350\176\364\136\246}{subsection.3.2}% 16
\BOOKMARK [3][-]{subsubsection.3.2.3}{\376\377\121\163\225\056\176\364\136\246\166\204\220\011\230\171\117\123\174\373}{subsection.3.2}% 17
\BOOKMARK [3][-]{subsubsection.3.2.4}{\376\377\150\007\154\350\145\160\143\156\150\074\137\017}{subsection.3.2}% 18
\BOOKMARK [2][-]{subsection.3.3}{\376\377\201\352\161\066\213\355\212\000\133\371\161\147\145\160\143\156}{section.3}% 19
\BOOKMARK [3][-]{subsubsection.3.3.1}{\376\377\116\055\145\207\213\355\145\231}{subsection.3.3}% 20
\BOOKMARK [3][-]{subsubsection.3.3.2}{\376\377\131\032\213\355\212\000\213\355\145\231}{subsection.3.3}% 21
\BOOKMARK [2][-]{subsection.3.4}{\376\377\122\006\147\220\145\271\154\325\116\000\377\032\213\355\212\000\140\047\213\304\117\060\150\106\147\266}{section.3}% 22
\BOOKMARK [3][-]{subsubsection.3.4.1}{\376\377\150\106\147\266\213\276\213\241\164\006\137\365}{subsection.3.4}% 23
\BOOKMARK [3][-]{subsubsection.3.4.2}{\376\377\213\304\117\060\176\364\136\246\116\016\143\007\150\007}{subsection.3.4}% 24
\BOOKMARK [3][-]{subsubsection.3.4.3}{\376\377\000T\000o\000k\000e\000n\000\040\123\026\173\126\165\145}{subsection.3.4}% 25
\BOOKMARK [2][-]{subsection.3.5}{\376\377\122\006\147\220\145\271\154\325\116\214\377\032\150\007\154\350\200\005\225\364\116\000\201\364\140\047\122\006\147\220}{section.3}% 26
\BOOKMARK [3][-]{subsubsection.3.5.1}{\376\377\150\007\154\350\221\315\123\340\176\323\147\204}{subsection.3.5}% 27
\BOOKMARK [3][-]{subsubsection.3.5.2}{\376\377\145\207\147\054\150\007\154\350\166\204\116\000\201\364\140\047\213\241\173\227}{subsection.3.5}% 28
\BOOKMARK [3][-]{subsubsection.3.5.3}{\376\377\174\173\122\053\150\007\154\350\166\204\116\000\201\364\140\047\213\241\173\227}{subsection.3.5}% 29
\BOOKMARK [3][-]{subsubsection.3.5.4}{\376\377\153\147\116\111\160\355\122\233\126\376\166\204\147\204\136\372}{subsection.3.5}% 30
\BOOKMARK [2][-]{subsection.3.6}{\376\377\133\236\232\214\163\257\130\203\116\016\123\357\131\015\163\260\140\047}{section.3}% 31
\BOOKMARK [1][-]{section.4}{\376\377\176\323\147\234}{}% 32
\BOOKMARK [2][-]{subsection.4.1}{\376\377\213\315\154\107\134\102\227\142\377\032\237\120\131\053\133\232\137\213\116\016\213\315\230\221\122\006\136\003}{section.4}% 33
\BOOKMARK [3][-]{subsubsection.4.1.1}{\376\377\127\060\116\146\166\204\213\315\230\221\122\006\136\003\162\171\137\201}{subsection.4.1}% 34
\BOOKMARK [3][-]{subsubsection.4.1.2}{\376\377\116\016\201\352\161\066\213\355\212\000\166\204\133\371\153\324\152\041\137\017}{subsection.4.1}% 35
\BOOKMARK [2][-]{subsection.4.2}{\376\377\213\315\154\107\131\032\150\067\140\047\377\032\117\341\140\157\161\265\116\016\000\040\000T\000T\000R}{section.4}% 36
\BOOKMARK [3][-]{subsubsection.4.2.1}{\376\377\226\115\221\307\150\067\000\040\000T\000T\000R}{subsection.4.2}% 37
\BOOKMARK [3][-]{subsubsection.4.2.2}{\376\377\000S\000h\000a\000n\000n\000o\000n\161\265\116\016\137\122\116\000\123\026\161\265}{subsection.4.2}% 38
\BOOKMARK [2][-]{subsection.4.3}{\376\377\213\355\154\325\174\173\122\053\122\006\136\003\377\032\000P\000O\000S\000-\000l\000i\000k\000e\000\040\000C\000a\000t\000e\000g\000o\000r\000y}{section.4}% 39
\BOOKMARK [3][-]{subsubsection.4.3.1}{\376\377\127\060\116\146\166\204\213\315\140\047\122\006\136\003}{subsection.4.3}% 40
\BOOKMARK [3][-]{subsubsection.4.3.2}{\376\377\127\060\116\146\000\040\000P\000O\000S\000\040\122\006\136\003\166\204\150\070\137\303\162\171\137\201}{subsection.4.3}% 41
\BOOKMARK [3][-]{subsubsection.4.3.3}{\376\377\116\016\201\352\161\066\213\355\212\000\166\204\174\173\122\053\122\006\136\003\133\371\153\324}{subsection.4.3}% 42
\BOOKMARK [2][-]{subsection.4.4}{\376\377\173\307\172\340\176\323\147\204\377\032\000D\000i\000s\000c\000o\000u\000r\000s\000e\000\040\000R\000e\000l\000a\000t\000i\000o\000n\122\006\136\003}{section.4}% 43
\BOOKMARK [3][-]{subsubsection.4.4.1}{\376\377\127\060\116\146\166\204\173\307\172\340\121\163\174\373\122\006\136\003}{subsection.4.4}% 44
\BOOKMARK [3][-]{subsubsection.4.4.2}{\376\377\127\060\116\146\173\307\172\340\176\323\147\204\166\204\150\070\137\303\162\171\137\201}{subsection.4.4}% 45
\BOOKMARK [3][-]{subsubsection.4.4.3}{\376\377\173\307\172\340\121\163\174\373\166\204\131\032\150\067\140\047\143\007\145\160}{subsection.4.4}% 46
\BOOKMARK [2][-]{subsection.4.5}{\376\377\137\142\140\001\162\171\137\201\122\006\136\003}{section.4}% 47
\BOOKMARK [3][-]{subsubsection.4.5.1}{\376\377\127\060\116\146\166\204\137\142\140\001\162\171\137\201\122\006\136\003}{subsection.4.5}% 48
\BOOKMARK [3][-]{subsubsection.4.5.2}{\376\377\127\060\116\146\137\142\140\001\162\171\137\201\166\204\150\070\137\303\123\321\163\260}{subsection.4.5}% 49
\BOOKMARK [2][-]{subsection.4.6}{\376\377\213\355\212\000\140\047\176\374\124\010\213\304\117\060\377\032\121\155\176\364\136\246\213\304\122\006}{section.4}% 50
\BOOKMARK [2][-]{subsection.4.7}{\376\377\147\054\172\340\134\017\176\323}{section.4}% 51
\BOOKMARK [1][-]{section.5}{\376\377\213\250\213\272}{}% 52
\BOOKMARK [2][-]{subsection.5.1}{\376\377\127\060\116\146\127\050\124\352\116\233\176\364\136\246\116\012\000'\000'\120\317\213\355\212\000\000'\000'\040\024\040\024\116\345\123\312\116\015\120\317\166\204\127\060\145\271}{section.5}% 53
\BOOKMARK [2][-]{subsection.5.2}{\376\377\126\376\137\142\213\355\212\000\166\204\213\315\154\107\140\226\213\272\377\032\116\072\116\300\116\110\000'\000'\154\241\147\011\000'\166\204\000'\000`\000`\145\342\146\057\117\030\122\277\116\137\146\057\116\343\116\367}{section.5}% 54
\BOOKMARK [2][-]{subsection.5.3}{\376\377\116\316\000'\000'\120\317\117\074\140\047\170\064\127\117\145\110\163\207\000'\000'\122\060\000'\000'\120\317\117\074\140\047\145\071\123\330\145\110\163\207\000'\000'}{section.5}% 55
\BOOKMARK [2][-]{subsection.5.4}{\376\377\145\271\154\325\213\272\123\315\140\035\116\016\134\100\226\120}{section.5}% 56
\BOOKMARK [3][-]{subsubsection.5.4.1}{\376\377\122\006\147\220\133\371\214\141\166\204\147\054\117\123\213\272\130\360\146\016}{subsection.5.4}% 57
\BOOKMARK [3][-]{subsubsection.5.4.2}{\376\377\213\355\145\231\211\304\152\041\116\016\165\037\140\001\145\110\136\246}{subsection.5.4}% 58
\BOOKMARK [3][-]{subsubsection.5.4.3}{\376\377\150\007\154\350\177\244\117\123\166\204\124\014\215\050\140\047}{subsection.5.4}% 59
\BOOKMARK [3][-]{subsubsection.5.4.4}{\376\377\121\166\116\326\134\100\226\120}{subsection.5.4}% 60
\BOOKMARK [2][-]{subsection.5.5}{\376\377\133\371\126\376\137\142\213\355\212\000\213\276\213\241\166\204\133\236\215\365\124\057\171\072}{section.5}% 61
\BOOKMARK [1][-]{section.6}{\376\377\176\323\213\272}{}% 62
\BOOKMARK [2][-]{subsection.6.1}{\376\377\116\073\211\201\123\321\163\260}{section.6}% 63
\BOOKMARK [2][-]{subsection.6.2}{\376\377\170\024\172\166\215\041\163\056}{section.6}% 64
\BOOKMARK [3][-]{subsubsection.6.2.1}{\376\377\145\271\154\325\213\272\215\041\163\056\377\032\213\355\212\000\140\047\213\304\117\060\150\106\147\266}{subsection.6.2}% 65
\BOOKMARK [3][-]{subsubsection.6.2.2}{\376\377\133\236\213\301\215\041\163\056\377\032\231\226\116\375\060\012\127\060\116\146\060\013\221\317\123\026\213\355\212\000\133\146\165\073\120\317}{subsection.6.2}% 66
\BOOKMARK [3][-]{subsubsection.6.2.3}{\376\377\164\006\213\272\215\041\163\056\377\032\116\044\116\052\133\371\213\335}{subsection.6.2}% 67
\BOOKMARK [2][-]{subsection.6.3}{\376\377\150\106\147\266\166\204\123\357\142\151\134\125\140\047}{section.6}% 68
\BOOKMARK [2][-]{subsection.6.4}{\376\377\170\024\172\166\134\100\226\120\116\016\213\332\133\236\130\360\146\016}{section.6}% 69
\BOOKMARK [2][-]{subsection.6.5}{\376\377\176\323\213\355}{section.6}% 70
\BOOKMARK [1][-]{section*.10}{\376\377\123\302\200\003\145\207\163\056}{}% 71
